2018-04-16 18:25:40,874 [Worker-4] INFO  c.g.t.t.d.PublishedGradleVersions - Gradle version information cache is not available. Remote download required.
2018-04-16 18:26:38,037 [Worker-1] ERROR o.e.m.c.i.p.r.ProjectRegistryReader - Can't read workspace state
java.io.InvalidClassException: org.eclipse.m2e.core.internal.project.registry.BasicProjectRegistry; local class incompatible: stream classdesc serialVersionUID = 5542512601401896748, local class serialVersionUID = 6232274446642339434
	at java.io.ObjectStreamClass.initNonProxy(Unknown Source) ~[na:1.8.0_161]
	at java.io.ObjectInputStream.readNonProxyDesc(Unknown Source) ~[na:1.8.0_161]
	at java.io.ObjectInputStream.readClassDesc(Unknown Source) ~[na:1.8.0_161]
	at java.io.ObjectInputStream.readNonProxyDesc(Unknown Source) ~[na:1.8.0_161]
	at java.io.ObjectInputStream.readClassDesc(Unknown Source) ~[na:1.8.0_161]
	at java.io.ObjectInputStream.readOrdinaryObject(Unknown Source) ~[na:1.8.0_161]
	at java.io.ObjectInputStream.readObject0(Unknown Source) ~[na:1.8.0_161]
	at java.io.ObjectInputStream.readObject(Unknown Source) ~[na:1.8.0_161]
	at org.eclipse.m2e.core.internal.project.registry.ProjectRegistryReader.readWorkspaceState(ProjectRegistryReader.java:100) ~[org.eclipse.m2e.core_1.8.2.20171007-0217.jar:na]
	at org.eclipse.m2e.core.internal.project.registry.ProjectRegistryManager.<init>(ProjectRegistryManager.java:164) [org.eclipse.m2e.core_1.8.2.20171007-0217.jar:na]
	at org.eclipse.m2e.core.internal.MavenPluginActivator.start(MavenPluginActivator.java:211) [org.eclipse.m2e.core_1.8.2.20171007-0217.jar:na]
	at org.eclipse.osgi.internal.framework.BundleContextImpl$3.run(BundleContextImpl.java:779) [org.eclipse.osgi_3.12.50.v20170928-1321.jar:na]
	at org.eclipse.osgi.internal.framework.BundleContextImpl$3.run(BundleContextImpl.java:1) [org.eclipse.osgi_3.12.50.v20170928-1321.jar:na]
	at java.security.AccessController.doPrivileged(Native Method) [na:1.8.0_161]
	at org.eclipse.osgi.internal.framework.BundleContextImpl.startActivator(BundleContextImpl.java:772) [org.eclipse.osgi_3.12.50.v20170928-1321.jar:na]
	at org.eclipse.osgi.internal.framework.BundleContextImpl.start(BundleContextImpl.java:729) [org.eclipse.osgi_3.12.50.v20170928-1321.jar:na]
	at org.eclipse.osgi.internal.framework.EquinoxBundle.startWorker0(EquinoxBundle.java:933) [org.eclipse.osgi_3.12.50.v20170928-1321.jar:na]
	at org.eclipse.osgi.internal.framework.EquinoxBundle$EquinoxModule.startWorker(EquinoxBundle.java:309) [org.eclipse.osgi_3.12.50.v20170928-1321.jar:na]
	at org.eclipse.osgi.container.Module.doStart(Module.java:581) [org.eclipse.osgi_3.12.50.v20170928-1321.jar:na]
	at org.eclipse.osgi.container.Module.start(Module.java:449) [org.eclipse.osgi_3.12.50.v20170928-1321.jar:na]
	at org.eclipse.osgi.framework.util.SecureAction.start(SecureAction.java:468) [org.eclipse.osgi_3.12.50.v20170928-1321.jar:na]
	at org.eclipse.osgi.internal.hooks.EclipseLazyStarter.postFindLocalClass(EclipseLazyStarter.java:103) [org.eclipse.osgi_3.12.50.v20170928-1321.jar:na]
	at org.eclipse.osgi.internal.loader.classpath.ClasspathManager.findLocalClass(ClasspathManager.java:529) [org.eclipse.osgi_3.12.50.v20170928-1321.jar:na]
	at org.eclipse.osgi.internal.loader.ModuleClassLoader.findLocalClass(ModuleClassLoader.java:328) [org.eclipse.osgi_3.12.50.v20170928-1321.jar:na]
	at org.eclipse.osgi.internal.loader.BundleLoader.findLocalClass(BundleLoader.java:368) [org.eclipse.osgi_3.12.50.v20170928-1321.jar:na]
	at org.eclipse.osgi.internal.loader.sources.SingleSourcePackage.loadClass(SingleSourcePackage.java:36) [org.eclipse.osgi_3.12.50.v20170928-1321.jar:na]
	at org.eclipse.osgi.internal.loader.BundleLoader.findClassInternal(BundleLoader.java:442) [org.eclipse.osgi_3.12.50.v20170928-1321.jar:na]
	at org.eclipse.osgi.internal.loader.BundleLoader.findClass(BundleLoader.java:395) [org.eclipse.osgi_3.12.50.v20170928-1321.jar:na]
	at org.eclipse.osgi.internal.loader.BundleLoader.findClass(BundleLoader.java:387) [org.eclipse.osgi_3.12.50.v20170928-1321.jar:na]
	at org.eclipse.osgi.internal.loader.ModuleClassLoader.loadClass(ModuleClassLoader.java:150) [org.eclipse.osgi_3.12.50.v20170928-1321.jar:na]
	at java.lang.ClassLoader.loadClass(Unknown Source) [na:1.8.0_161]
	at org.eclipse.m2e.importer.internal.MavenProjectConfigurator.findConfigurableLocations(MavenProjectConfigurator.java:186) [org.eclipse.m2e.importer_1.8.2.20171007-0217.jar:na]
	at org.eclipse.ui.internal.wizards.datatransfer.SmartImportJob.getImportProposals(SmartImportJob.java:669) [org.eclipse.ui.ide_3.13.1.v20170822-1526.jar:na]
	at org.eclipse.ui.internal.wizards.datatransfer.SmartImportRootWizardPage$19.run(SmartImportRootWizardPage.java:824) [org.eclipse.ui.ide_3.13.1.v20170822-1526.jar:na]
	at org.eclipse.core.internal.jobs.Worker.run(Worker.java:56) [org.eclipse.core.jobs_3.9.2.v20171030-1027.jar:na]
2018-04-16 18:30:58,776 [Worker-1] INFO  c.g.t.t.d.PublishedGradleVersions - Gradle version information cache is not available. Remote download required.
2018-04-16 18:39:35,337 [Worker-0] INFO  c.g.t.t.d.PublishedGradleVersions - Gradle version information cache is not available. Remote download required.
2018-04-18 11:06:38,040 [Worker-3] INFO  c.g.t.t.d.PublishedGradleVersions - Gradle version information cache is not available. Remote download required.
2018-04-18 11:14:20,761 [Worker-1] INFO  c.g.t.t.d.PublishedGradleVersions - Gradle version information cache is not available. Remote download required.
2018-04-18 16:56:14,816 [Worker-1] INFO  c.g.t.t.d.PublishedGradleVersions - Gradle version information cache is not available. Remote download required.
2018-04-18 16:59:36,109 [Worker-0] INFO  c.g.t.t.d.PublishedGradleVersions - Gradle version information cache is not available. Remote download required.
